SF:lib\domain\entities\tv.dart
DA:4,25
DA:34,8
DA:36,8
DA:37,8
DA:38,8
DA:39,8
DA:40,8
DA:41,8
DA:42,8
DA:43,8
DA:44,8
DA:45,8
DA:46,8
DA:47,8
DA:48,8
DA:49,8
DA:53,5
DA:56,0
DA:71,0
DA:72,0
DA:73,0
DA:74,0
DA:75,0
DA:76,0
DA:77,0
DA:78,0
DA:79,0
DA:80,0
DA:81,0
DA:82,0
DA:83,0
DA:84,0
LF:32
LH:17
end_of_record
SF:lib\domain\entities\tv_detail.dart
DA:12,45
DA:78,3
DA:80,3
DA:81,3
DA:82,3
DA:83,3
DA:84,3
DA:85,3
DA:86,3
DA:87,3
DA:88,3
DA:89,3
DA:90,3
DA:91,3
DA:92,3
DA:93,3
DA:94,3
DA:95,3
DA:96,3
DA:97,3
DA:98,3
DA:99,3
DA:100,3
DA:101,3
DA:102,3
DA:103,3
DA:104,3
DA:105,3
DA:106,3
DA:107,3
DA:108,3
DA:109,3
DA:110,3
DA:111,3
DA:115,0
DA:118,0
DA:151,0
DA:152,0
DA:153,0
DA:154,0
DA:155,0
DA:156,0
DA:157,0
DA:158,0
DA:159,0
DA:160,0
DA:161,0
DA:162,0
DA:163,0
DA:164,0
DA:165,0
DA:166,0
DA:167,0
DA:168,0
DA:169,0
DA:170,0
DA:171,0
DA:172,0
DA:173,0
DA:174,0
DA:175,0
DA:176,0
DA:177,0
DA:178,0
DA:179,0
DA:180,0
DA:181,0
DA:182,0
LF:68
LH:34
end_of_record
SF:lib\domain\entities\tv_episode.dart
DA:5,3
DA:33,3
DA:35,3
DA:36,3
DA:37,3
DA:38,3
DA:39,3
DA:40,3
DA:41,3
DA:42,3
DA:43,3
DA:44,3
DA:45,3
DA:46,3
DA:47,3
DA:51,1
LF:16
LH:16
end_of_record
SF:lib\data\models\tv_detail_model.dart
DA:12,6
DA:78,12
DA:79,0
DA:81,10
DA:82,5
DA:83,5
DA:84,5
DA:85,5
DA:86,5
DA:87,5
DA:88,5
DA:89,5
DA:90,5
DA:91,5
DA:92,5
DA:93,5
DA:94,5
DA:95,5
DA:96,5
DA:97,5
DA:98,5
DA:99,5
DA:100,5
DA:101,5
DA:102,5
DA:103,5
DA:104,5
DA:105,15
DA:106,23
DA:107,10
DA:108,23
DA:109,23
DA:110,23
DA:111,23
DA:112,23
DA:114,2
DA:116,2
DA:117,2
DA:118,2
DA:119,2
DA:120,2
DA:121,2
DA:122,2
DA:123,2
DA:124,2
DA:125,2
DA:126,2
DA:127,2
DA:128,2
DA:129,2
DA:130,2
DA:131,2
DA:132,2
DA:133,2
DA:134,2
DA:135,2
DA:136,2
DA:137,2
DA:138,2
DA:139,2
DA:140,2
DA:141,2
DA:142,2
DA:143,2
DA:144,2
DA:145,2
DA:146,2
DA:147,2
DA:151,0
LF:69
LH:67
end_of_record
SF:lib\data\models\tv_detail_model.g.dart
DA:9,6
DA:10,6
DA:11,6
DA:12,6
DA:13,12
DA:14,6
DA:15,6
DA:17,12
DA:18,6
DA:19,6
DA:20,6
DA:22,24
DA:23,6
DA:25,12
DA:26,6
DA:27,6
DA:28,6
DA:29,6
DA:30,6
DA:31,12
DA:32,6
DA:33,6
DA:34,6
DA:35,6
DA:36,12
DA:37,6
DA:38,6
DA:39,6
DA:40,6
DA:41,12
DA:42,6
DA:43,6
DA:44,6
DA:45,6
DA:46,6
DA:47,16
DA:48,6
DA:49,6
DA:50,6
DA:51,6
DA:52,16
DA:53,6
DA:54,6
DA:55,16
DA:56,6
DA:57,6
DA:58,6
DA:59,10
DA:60,6
DA:61,6
DA:62,16
DA:63,6
DA:64,6
DA:65,16
DA:66,6
DA:69,0
DA:70,0
DA:71,0
DA:72,0
DA:73,0
DA:74,0
DA:75,0
DA:76,0
DA:77,0
DA:78,0
DA:79,0
DA:80,0
DA:81,0
DA:82,0
DA:83,0
DA:84,0
DA:85,0
DA:86,0
DA:87,0
DA:88,0
DA:89,0
DA:90,0
DA:91,0
DA:92,0
DA:93,0
DA:94,0
DA:95,0
DA:96,0
DA:97,0
DA:98,0
DA:99,0
DA:100,0
DA:101,0
LF:88
LH:55
end_of_record
SF:lib\data\datasources\tv_remote_data_source.dart
DA:28,1
DA:33,1
DA:35,5
DA:37,2
DA:38,3
DA:40,4
DA:41,1
DA:43,1
DA:48,1
DA:50,5
DA:52,2
DA:53,3
DA:55,4
DA:56,1
DA:58,1
DA:63,1
DA:65,5
DA:67,2
DA:68,3
DA:70,4
DA:71,1
DA:73,1
DA:78,1
DA:79,5
DA:81,2
DA:82,3
DA:83,1
DA:86,1
DA:91,1
DA:92,2
DA:93,3
DA:95,2
DA:96,3
DA:98,4
DA:99,1
DA:101,1
DA:106,1
DA:107,2
DA:108,3
DA:110,2
DA:111,3
DA:113,4
DA:114,1
DA:116,1
DA:121,1
DA:125,2
DA:126,3
DA:128,2
DA:129,3
DA:130,4
DA:133,1
LF:51
LH:51
end_of_record
SF:lib\data\datasources\tv_local_data_source.dart
DA:13,1
DA:18,1
DA:19,3
DA:24,1
DA:31,1
DA:32,3
DA:33,4
DA:37,1
DA:39,3
DA:41,1
DA:42,2
DA:49,1
DA:51,4
DA:53,1
DA:54,2
LF:15
LH:15
end_of_record
SF:lib\data\models\tv_createdby_model.dart
DA:12,2
DA:26,1
DA:27,1
DA:29,2
DA:31,1
DA:32,1
DA:33,1
DA:34,1
DA:35,1
DA:36,1
DA:37,1
DA:41,1
DA:43,1
DA:44,1
DA:45,1
DA:46,1
DA:47,1
DA:48,1
DA:52,0
LF:19
LH:18
end_of_record
SF:lib\data\models\tv_createdby_model.g.dart
DA:9,1
DA:10,1
DA:11,1
DA:12,1
DA:13,1
DA:14,1
DA:15,1
DA:18,1
DA:19,1
DA:20,1
DA:21,1
DA:22,1
DA:23,1
DA:24,1
LF:14
LH:14
end_of_record
SF:lib\domain\entities\tv_created_by.dart
DA:4,2
DA:18,1
DA:20,1
DA:21,1
DA:22,1
DA:23,1
DA:24,1
DA:25,1
DA:29,0
DA:32,0
DA:39,0
DA:40,0
DA:41,0
DA:42,0
DA:43,0
DA:44,0
LF:16
LH:8
end_of_record
SF:lib\data\models\tv_crew_model.dart
DA:12,5
DA:44,8
DA:45,2
DA:46,3
DA:47,3
DA:48,3
DA:49,3
DA:50,3
DA:51,3
DA:52,3
DA:53,3
DA:54,3
DA:55,3
DA:56,3
DA:57,3
DA:58,3
DA:59,3
DA:60,3
DA:61,3
DA:65,2
DA:67,2
DA:68,2
DA:69,2
DA:70,2
DA:71,2
DA:72,2
DA:73,2
DA:74,2
DA:75,2
DA:76,2
DA:77,2
DA:78,2
DA:79,2
DA:80,2
DA:81,2
DA:85,0
LF:36
LH:35
end_of_record
SF:lib\data\models\tv_crew_model.g.dart
DA:9,8
DA:10,4
DA:11,4
DA:12,4
DA:13,4
DA:14,4
DA:15,4
DA:16,4
DA:17,4
DA:18,4
DA:19,4
DA:20,8
DA:21,4
DA:22,4
DA:23,4
DA:26,2
DA:27,1
DA:28,1
DA:29,1
DA:30,1
DA:31,1
DA:32,1
DA:33,1
DA:34,1
DA:35,1
DA:36,1
DA:37,1
DA:38,1
DA:39,1
DA:40,1
LF:30
LH:30
end_of_record
SF:lib\domain\entities\tv_crew.dart
DA:18,4
DA:35,3
DA:37,3
DA:38,3
DA:39,3
DA:40,3
DA:41,3
DA:42,3
DA:43,3
DA:44,3
DA:45,3
DA:46,3
DA:47,3
DA:48,3
DA:49,3
DA:50,3
DA:51,3
DA:55,1
LF:18
LH:18
end_of_record
SF:lib\data\models\tv_episode_model.dart
DA:10,4
DA:11,4
DA:14,4
DA:21,4
DA:50,8
DA:51,2
DA:52,3
DA:53,3
DA:54,3
DA:55,3
DA:56,13
DA:57,13
DA:58,3
DA:59,3
DA:60,3
DA:61,3
DA:62,3
DA:63,3
DA:64,3
DA:65,3
DA:69,2
DA:71,2
DA:72,2
DA:73,2
DA:74,2
DA:75,2
DA:76,2
DA:77,2
DA:78,2
DA:79,2
DA:80,2
DA:81,2
DA:82,2
DA:83,2
DA:87,0
LF:35
LH:34
end_of_record
SF:lib\data\models\tv_episode_model.g.dart
DA:9,8
DA:10,8
DA:11,4
DA:12,4
DA:13,10
DA:14,4
DA:16,4
DA:17,10
DA:18,4
DA:20,4
DA:21,4
DA:22,4
DA:23,4
DA:24,4
DA:25,4
DA:26,8
DA:27,4
DA:30,1
DA:31,1
DA:32,2
DA:33,1
DA:34,1
DA:35,1
DA:36,1
DA:37,1
DA:38,1
DA:39,1
DA:40,1
DA:41,1
DA:42,1
DA:43,1
LF:31
LH:31
end_of_record
SF:lib\data\models\tv_last_episode_to_air_model.dart
DA:11,7
DA:35,7
DA:36,7
DA:37,2
DA:39,6
DA:40,6
DA:41,6
DA:42,6
DA:43,6
DA:44,6
DA:45,6
DA:46,6
DA:47,6
DA:48,6
DA:49,6
DA:50,6
DA:54,3
DA:56,3
DA:57,3
DA:58,3
DA:59,3
DA:60,3
DA:61,3
DA:62,3
DA:63,3
DA:64,3
DA:65,3
DA:66,3
DA:70,0
LF:29
LH:28
end_of_record
SF:lib\data\models\tv_last_episode_to_air_model.g.dart
DA:9,7
DA:11,7
DA:12,7
DA:14,14
DA:15,7
DA:16,7
DA:17,7
DA:18,7
DA:19,7
DA:20,7
DA:21,7
DA:22,14
DA:23,7
DA:26,1
DA:28,1
DA:29,2
DA:30,1
DA:31,1
DA:32,1
DA:33,1
DA:34,1
DA:35,1
DA:36,1
DA:37,1
DA:38,1
LF:25
LH:25
end_of_record
SF:lib\domain\entities\tv_last_episode_to_air.dart
DA:15,43
DA:28,3
DA:30,3
DA:31,3
DA:32,3
DA:33,3
DA:34,3
DA:35,3
DA:36,3
DA:37,3
DA:38,3
DA:39,3
DA:40,3
DA:44,0
DA:47,0
DA:59,0
DA:60,0
DA:61,0
DA:62,0
DA:63,0
DA:64,0
DA:65,0
DA:66,0
DA:67,0
DA:68,0
DA:69,0
LF:26
LH:13
end_of_record
SF:lib\data\models\tv_local_database_model.dart
DA:13,3
DA:25,2
DA:26,2
DA:28,1
DA:29,1
DA:30,1
DA:31,1
DA:32,1
DA:33,1
DA:37,2
DA:39,4
DA:40,2
DA:41,2
DA:42,2
DA:43,2
DA:46,3
DA:47,15
DA:49,0
LF:18
LH:17
end_of_record
SF:lib\data\models\tv_local_database_model.g.dart
DA:9,2
DA:11,2
DA:12,2
DA:13,2
DA:14,2
DA:15,2
DA:18,1
DA:20,1
DA:21,1
DA:22,1
DA:23,1
DA:24,1
LF:12
LH:12
end_of_record
SF:lib\data\models\tv_model.dart
DA:11,9
DA:41,16
DA:42,2
DA:43,7
DA:44,7
DA:45,7
DA:46,7
DA:47,7
DA:48,7
DA:49,7
DA:50,7
DA:51,7
DA:52,7
DA:53,7
DA:54,7
DA:55,7
DA:56,7
DA:57,7
DA:61,2
DA:63,2
DA:64,2
DA:65,2
DA:66,2
DA:67,2
DA:68,2
DA:69,2
DA:70,2
DA:71,2
DA:72,2
DA:73,2
DA:74,2
DA:75,2
DA:76,2
DA:80,0
LF:34
LH:33
end_of_record
SF:lib\data\models\tv_model.g.dart
DA:9,16
DA:10,8
DA:11,8
DA:12,8
DA:13,16
DA:14,8
DA:16,8
DA:17,8
DA:18,8
DA:19,16
DA:20,8
DA:22,8
DA:23,8
DA:24,8
DA:25,16
DA:26,8
DA:27,16
DA:28,8
DA:31,2
DA:32,1
DA:33,1
DA:34,1
DA:35,1
DA:36,1
DA:37,1
DA:38,1
DA:39,1
DA:40,1
DA:41,1
DA:42,1
DA:43,1
DA:44,1
LF:32
LH:32
end_of_record
SF:lib\data\models\tv_network_model.dart
DA:11,6
DA:23,12
DA:24,2
DA:25,10
DA:26,5
DA:27,5
DA:28,5
DA:29,5
DA:32,2
DA:33,10
DA:35,0
LF:11
LH:10
end_of_record
SF:lib\data\models\tv_network_model.g.dart
DA:9,12
DA:10,6
DA:11,6
DA:12,6
DA:13,6
DA:16,1
DA:17,1
DA:18,1
DA:19,1
DA:20,1
DA:21,1
LF:11
LH:11
end_of_record
SF:lib\domain\entities\tv_network.dart
DA:4,6
DA:16,2
DA:17,10
DA:19,0
DA:22,0
DA:28,0
DA:29,0
DA:30,0
DA:31,0
DA:32,0
LF:10
LH:3
end_of_record
SF:lib\data\models\tv_production_country_model.dart
DA:11,6
DA:19,6
DA:20,6
DA:21,2
DA:22,20
DA:24,2
DA:25,6
DA:27,0
LF:8
LH:7
end_of_record
SF:lib\data\models\tv_production_country_model.g.dart
DA:9,6
DA:11,6
DA:12,6
DA:13,6
DA:16,1
DA:18,1
DA:19,1
DA:20,1
LF:8
LH:8
end_of_record
SF:lib\domain\entities\tv_production_country.dart
DA:4,6
DA:12,2
DA:13,6
DA:15,0
DA:18,0
DA:22,0
DA:23,0
DA:24,0
LF:8
LH:3
end_of_record
SF:lib\data\models\tv_season_model.dart
DA:11,6
DA:29,12
DA:30,2
DA:31,10
DA:32,5
DA:33,5
DA:34,5
DA:35,5
DA:36,5
DA:37,5
DA:38,5
DA:41,2
DA:43,2
DA:44,2
DA:45,2
DA:46,2
DA:47,2
DA:48,2
DA:49,2
DA:50,2
DA:54,0
LF:21
LH:20
end_of_record
SF:lib\data\models\tv_season_model.g.dart
DA:9,12
DA:10,6
DA:12,12
DA:13,6
DA:14,6
DA:15,6
DA:16,6
DA:17,6
DA:18,6
DA:21,1
DA:22,1
DA:23,2
DA:24,1
DA:25,1
DA:26,1
DA:27,1
DA:28,1
DA:29,1
LF:18
LH:18
end_of_record
SF:lib\domain\entities\tv_season.dart
DA:4,5
DA:22,2
DA:24,2
DA:25,2
DA:26,2
DA:27,2
DA:28,2
DA:29,2
DA:30,2
DA:31,2
DA:35,0
DA:38,0
DA:47,0
DA:48,0
DA:49,0
DA:50,0
DA:51,0
DA:52,0
DA:53,0
DA:54,0
LF:20
LH:10
end_of_record
SF:lib\data\models\tv_spoken_language_model.dart
DA:11,6
DA:21,6
DA:22,6
DA:23,2
DA:24,5
DA:25,20
DA:26,2
DA:27,8
DA:29,0
LF:9
LH:8
end_of_record
SF:lib\data\models\tv_spoken_language_model.g.dart
DA:9,6
DA:10,6
DA:11,6
DA:12,6
DA:13,6
DA:16,1
DA:18,1
DA:19,1
DA:20,1
DA:21,1
LF:10
LH:10
end_of_record
SF:lib\domain\entities\tv_spoken_language.dart
DA:7,5
DA:13,2
DA:14,8
DA:16,0
DA:19,0
DA:24,0
DA:25,0
DA:26,0
DA:27,0
LF:9
LH:3
end_of_record
SF:lib\data\repositories\tv_repository_impl.dart
DA:10,1
DA:16,1
DA:18,3
DA:19,5
DA:20,1
DA:21,2
DA:22,0
DA:23,0
DA:24,0
DA:25,0
DA:27,0
DA:32,1
DA:34,3
DA:36,2
DA:37,1
DA:38,2
DA:39,0
DA:40,0
DA:41,0
DA:42,0
DA:44,0
DA:49,1
DA:51,3
DA:52,5
DA:53,1
DA:54,2
DA:55,0
DA:56,0
DA:57,0
DA:58,0
DA:60,0
DA:65,1
DA:67,3
DA:68,5
DA:69,1
DA:70,2
DA:71,0
DA:72,0
DA:73,0
DA:74,0
DA:76,0
DA:81,1
DA:83,3
DA:84,5
DA:85,1
DA:86,2
DA:87,0
DA:88,0
DA:89,0
DA:90,0
DA:92,0
DA:97,1
DA:99,3
DA:100,5
DA:101,1
DA:102,2
DA:103,0
DA:104,0
DA:105,0
DA:106,0
DA:108,0
DA:113,1
DA:118,3
DA:120,5
DA:121,1
DA:122,2
DA:123,0
DA:124,0
DA:125,0
DA:126,0
DA:128,0
DA:134,1
DA:136,3
DA:137,5
DA:138,0
DA:139,0
DA:140,0
DA:141,0
DA:142,0
DA:143,0
DA:145,0
DA:150,1
DA:152,2
DA:153,2
DA:154,1
DA:155,1
DA:156,0
DA:157,1
DA:158,0
DA:159,1
DA:160,0
DA:161,1
DA:162,3
DA:164,0
DA:169,1
DA:170,3
DA:175,1
DA:177,2
DA:178,2
DA:179,1
DA:180,1
DA:181,3
DA:183,0
LF:103
LH:56
end_of_record
SF:lib\domain\usecases\get_airing_today_tv_series.dart
DA:8,1
DA:12,1
DA:13,2
LF:3
LH:3
end_of_record
SF:lib\domain\usecases\get_detail_tv_series.dart
DA:8,1
DA:12,1
DA:13,2
LF:3
LH:3
end_of_record
SF:lib\domain\usecases\get_episode_season_tv_series.dart
DA:9,1
DA:12,1
DA:13,2
LF:3
LH:3
end_of_record
SF:lib\domain\usecases\get_popular_tv_series.dart
DA:9,1
DA:12,1
DA:13,2
LF:3
LH:3
end_of_record
SF:lib\domain\usecases\get_recommendation_tv_series.dart
DA:9,1
DA:12,1
DA:13,2
LF:3
LH:3
end_of_record
SF:lib\domain\usecases\get_top_rated_tv_series.dart
DA:8,1
DA:11,1
DA:12,2
LF:3
LH:3
end_of_record
SF:lib\domain\usecases\get_watch_list_status_tv_series.dart
DA:5,1
DA:9,1
DA:10,2
LF:3
LH:3
end_of_record
SF:lib\domain\usecases\get_watchlist_tv_series.dart
DA:8,1
DA:12,1
DA:13,2
LF:3
LH:3
end_of_record
SF:lib\domain\usecases\remove_watchlist_tv_series.dart
DA:8,1
DA:12,1
DA:13,2
LF:3
LH:3
end_of_record
SF:lib\domain\usecases\save_watchlist_tv_series.dart
DA:8,1
DA:12,1
DA:13,2
LF:3
LH:3
end_of_record
SF:lib\domain\usecases\search_tv_series.dart
DA:8,1
DA:12,1
DA:13,2
LF:3
LH:3
end_of_record
SF:lib\presentation\cubit\tv_series_airing_today_state.dart
DA:4,40
DA:6,1
DA:7,1
DA:11,37
DA:15,39
DA:19,2
DA:25,0
DA:27,1
DA:28,2
DA:30,1
DA:33,0
DA:36,0
DA:37,0
DA:43,3
DA:49,1
DA:50,2
DA:52,1
LF:17
LH:13
end_of_record
SF:lib\presentation\cubit\tv_series_airing_today_cubit.dart
DA:10,1
DA:12,1
DA:16,1
DA:17,1
DA:18,3
DA:19,1
DA:20,4
DA:21,3
LF:8
LH:8
end_of_record
SF:lib\presentation\cubit\tv_series_detail_cubit.dart
DA:16,1
DA:21,1
DA:31,1
DA:32,3
DA:33,3
DA:34,1
DA:35,1
DA:36,3
DA:37,4
DA:39,1
DA:40,3
DA:41,3
DA:46,1
DA:47,3
DA:48,1
DA:49,5
DA:50,4
DA:53,3
DA:56,1
DA:57,3
DA:58,1
DA:59,5
DA:60,1
DA:61,2
DA:62,3
DA:66,3
DA:69,1
DA:70,3
DA:71,3
LF:29
LH:29
end_of_record
SF:lib\presentation\cubit\tv_series_detail_state.dart
DA:10,38
DA:18,2
DA:19,2
DA:20,1
DA:21,1
DA:22,2
DA:23,2
DA:25,1
DA:27,1
DA:28,1
DA:29,1
DA:30,1
DA:31,1
DA:32,1
DA:36,0
DA:39,1
DA:46,1
DA:47,1
DA:48,1
DA:49,1
DA:50,1
DA:51,1
LF:22
LH:21
end_of_record
SF:lib\presentation\cubit\tv_series_episode_season_cubit.dart
DA:10,1
DA:12,1
DA:16,1
DA:20,1
DA:21,3
DA:25,1
DA:26,4
DA:27,3
LF:8
LH:8
end_of_record
SF:lib\presentation\cubit\tv_series_episode_season_state.dart
DA:4,39
DA:6,1
DA:7,1
DA:11,37
DA:15,38
DA:19,2
DA:25,1
DA:26,2
DA:28,1
DA:31,0
DA:34,0
DA:35,0
DA:41,1
DA:47,1
DA:48,2
DA:50,1
DA:53,0
DA:54,0
DA:55,0
LF:19
LH:13
end_of_record
SF:lib\presentation\cubit\tv_series_popular_state.dart
DA:4,40
DA:6,1
DA:7,1
DA:11,37
DA:15,39
DA:19,3
DA:25,1
DA:26,2
DA:28,1
DA:31,0
DA:34,0
DA:35,0
DA:41,2
DA:47,1
DA:48,2
DA:50,1
LF:16
LH:13
end_of_record
SF:lib\presentation\cubit\tv_series_popular_cubit.dart
DA:10,1
DA:12,1
DA:16,1
DA:17,1
DA:18,3
DA:19,1
DA:20,4
DA:21,3
LF:8
LH:8
end_of_record
SF:lib\presentation\cubit\tv_series_recommendations_state.dart
DA:4,39
DA:6,1
DA:7,1
DA:11,37
DA:15,38
DA:19,2
DA:25,1
DA:26,2
DA:28,1
DA:31,0
DA:34,0
DA:35,0
DA:41,1
DA:47,1
DA:48,2
DA:50,1
LF:16
LH:13
end_of_record
SF:lib\presentation\cubit\tv_series_recommendations_cubit.dart
DA:10,1
DA:12,1
DA:16,1
DA:17,1
DA:19,3
DA:20,1
DA:21,4
DA:22,3
LF:8
LH:8
end_of_record
SF:lib\presentation\cubit\tv_series_search_state.dart
DA:4,2
DA:6,1
DA:7,1
DA:17,2
DA:19,1
DA:20,2
DA:26,1
DA:28,1
DA:29,2
LF:9
LH:9
end_of_record
SF:lib\presentation\cubit\tv_series_search_cubit.dart
DA:10,1
DA:11,2
DA:13,1
DA:14,2
DA:16,3
DA:18,2
DA:19,3
DA:20,1
DA:21,2
LF:9
LH:9
end_of_record
SF:lib\presentation\cubit\tv_series_top_rated_cubit.dart
DA:10,1
DA:12,1
DA:16,1
DA:17,1
DA:18,3
DA:19,1
DA:20,4
DA:21,3
LF:8
LH:8
end_of_record
SF:lib\presentation\cubit\tv_series_top_rated_state.dart
DA:4,40
DA:6,1
DA:7,1
DA:11,37
DA:15,39
DA:19,3
DA:25,1
DA:26,2
DA:28,1
DA:31,0
DA:34,0
DA:35,0
DA:41,2
DA:47,1
DA:48,2
DA:50,1
LF:16
LH:13
end_of_record
SF:lib\presentation\cubit\tv_series_watchlist_state.dart
DA:4,39
DA:6,1
DA:7,1
DA:11,37
DA:15,38
DA:19,2
DA:25,1
DA:26,2
DA:28,1
DA:31,0
DA:34,0
DA:35,0
DA:41,2
DA:47,1
DA:48,2
DA:50,1
LF:16
LH:13
end_of_record
SF:lib\presentation\cubit\tv_series_watchlist_cubit.dart
DA:9,1
DA:11,1
DA:15,1
DA:16,1
DA:17,3
DA:18,1
DA:19,4
DA:20,3
LF:8
LH:8
end_of_record
SF:lib\presentation\pages\airing_tv_series_page.dart
DA:9,1
DA:11,1
DA:12,1
DA:16,1
DA:18,1
DA:19,5
DA:22,1
DA:24,1
DA:25,1
DA:28,1
DA:30,1
DA:31,1
DA:32,1
DA:34,1
DA:35,1
DA:36,1
DA:37,3
DA:39,2
DA:41,1
DA:42,1
DA:44,2
LF:21
LH:21
end_of_record
SF:lib\presentation\widgets\tv_series_card_list.dart
DA:11,4
DA:13,4
DA:15,4
DA:17,4
DA:18,1
DA:19,1
DA:22,2
DA:25,4
DA:27,4
DA:28,4
DA:29,4
DA:36,4
DA:38,4
DA:39,4
DA:40,8
DA:43,4
DA:45,4
DA:46,4
DA:47,8
DA:55,4
DA:60,4
DA:61,4
DA:62,12
DA:64,8
DA:65,4
DA:67,0
DA:69,8
LF:27
LH:26
end_of_record
SF:lib\presentation\pages\popular_tv_series_page.dart
DA:9,1
DA:11,1
DA:12,1
DA:16,1
DA:18,1
DA:19,5
DA:22,1
DA:24,1
DA:25,1
DA:28,1
DA:30,1
DA:31,1
DA:32,1
DA:34,1
DA:35,1
DA:36,1
DA:37,3
DA:39,2
DA:41,1
DA:42,1
DA:44,2
LF:21
LH:21
end_of_record
SF:lib\presentation\pages\top_rated_tv_series_page.dart
DA:9,1
DA:11,1
DA:12,1
DA:16,1
DA:18,1
DA:19,5
DA:22,1
DA:24,1
DA:25,1
DA:28,1
DA:30,1
DA:31,1
DA:32,1
DA:34,1
DA:35,1
DA:36,1
DA:37,3
DA:39,2
DA:41,1
DA:42,1
DA:44,2
LF:21
LH:21
end_of_record
SF:lib\presentation\pages\tv_series_detail_page.dart
DA:15,0
DA:18,0
DA:20,0
DA:21,0
DA:25,0
DA:27,0
DA:28,0
DA:29,0
DA:30,0
DA:34,0
DA:36,0
DA:37,0
DA:38,0
DA:39,0
DA:40,0
DA:41,0
DA:43,0
DA:44,0
DA:45,0
DA:46,0
DA:60,0
DA:63,0
DA:65,0
DA:66,0
DA:70,0
DA:72,0
DA:74,0
DA:75,0
DA:79,0
DA:81,0
DA:82,0
DA:83,0
DA:84,0
DA:85,0
DA:87,0
DA:90,0
DA:92,0
DA:94,0
DA:95,0
DA:96,0
DA:108,0
DA:109,0
DA:110,0
DA:112,0
DA:114,0
DA:116,0
DA:117,0
DA:118,0
DA:119,0
DA:121,0
DA:123,0
DA:124,0
DA:125,0
DA:126,0
DA:127,0
DA:128,0
DA:129,0
DA:131,0
DA:132,0
DA:133,0
DA:137,0
DA:138,0
DA:139,0
DA:141,0
DA:144,0
DA:147,0
DA:148,0
DA:149,0
DA:150,0
DA:151,0
DA:152,0
DA:156,0
DA:158,0
DA:159,0
DA:160,0
DA:166,0
DA:168,0
DA:169,0
DA:178,0
DA:179,0
DA:181,0
DA:182,0
DA:184,0
DA:186,0
DA:187,0
DA:188,0
DA:189,0
DA:191,0
DA:197,0
DA:201,0
DA:203,0
DA:205,0
DA:206,0
DA:209,0
DA:211,0
DA:213,0
DA:215,0
DA:217,0
DA:222,0
DA:223,0
DA:225,0
DA:226,0
DA:228,0
DA:230,0
DA:232,0
DA:233,0
DA:235,0
DA:236,0
DA:237,0
DA:240,0
DA:243,0
DA:248,0
DA:250,0
DA:251,0
DA:257,0
DA:264,0
DA:268,0
DA:282,0
DA:283,0
DA:285,0
DA:288,0
DA:290,0
DA:291,0
DA:301,0
DA:303,0
DA:304,0
DA:307,0
DA:311,0
DA:314,0
DA:315,0
DA:316,0
DA:318,0
DA:319,0
DA:321,0
LF:134
LH:0
end_of_record
