SF:lib\data\models\movie_detail_model.dart
DA:6,2
DA:52,2
DA:53,1
DA:54,1
DA:55,1
DA:56,5
DA:57,1
DA:58,1
DA:59,1
DA:60,1
DA:61,1
DA:62,1
DA:63,2
DA:64,1
DA:65,1
DA:66,1
DA:67,1
DA:68,1
DA:69,1
DA:70,1
DA:71,1
DA:72,2
DA:73,1
DA:76,0
DA:77,0
DA:78,0
DA:79,0
DA:80,0
DA:81,0
DA:82,0
DA:83,0
DA:84,0
DA:85,0
DA:86,0
DA:87,0
DA:88,0
DA:89,0
DA:90,0
DA:91,0
DA:92,0
DA:93,0
DA:94,0
DA:95,0
DA:96,0
DA:97,0
DA:100,1
DA:101,1
DA:102,1
DA:103,1
DA:104,5
DA:105,1
DA:106,1
DA:107,1
DA:108,1
DA:109,1
DA:110,1
DA:111,1
DA:112,1
DA:113,1
DA:117,1
DA:118,1
DA:119,1
DA:120,1
DA:121,1
DA:122,1
DA:123,1
DA:124,1
DA:125,1
DA:126,1
DA:127,1
DA:128,1
DA:129,1
DA:130,1
DA:131,1
DA:132,1
DA:133,1
DA:134,1
DA:135,1
DA:136,1
DA:137,1
DA:138,1
DA:139,1
LF:82
LH:60
end_of_record
SF:lib\data\datasources\movie_remote_data_source.dart
DA:19,1
DA:22,1
DA:23,5
DA:25,2
DA:26,4
DA:28,1
DA:33,1
DA:34,5
DA:36,2
DA:37,3
DA:39,1
DA:44,1
DA:45,5
DA:47,2
DA:48,4
DA:50,1
DA:55,1
DA:56,5
DA:58,2
DA:59,4
DA:61,1
DA:66,1
DA:67,5
DA:69,2
DA:70,4
DA:72,1
DA:77,1
DA:78,5
DA:80,2
DA:81,4
DA:83,1
LF:31
LH:31
end_of_record
SF:lib\data\datasources\movie_local_data_source.dart
DA:17,1
DA:20,1
DA:22,3
DA:25,2
DA:30,1
DA:32,4
DA:35,2
DA:40,1
DA:41,3
DA:43,1
DA:50,1
DA:51,3
DA:52,4
LF:13
LH:13
end_of_record
SF:lib\domain\entities\genre.dart
DA:4,4
DA:12,1
DA:13,3
LF:3
LH:3
end_of_record
SF:lib\data\models\movie_table.dart
DA:11,2
DA:18,2
DA:19,1
DA:20,1
DA:21,1
DA:22,1
DA:25,2
DA:26,1
DA:27,1
DA:28,1
DA:29,1
DA:32,0
DA:33,0
DA:34,0
DA:35,0
DA:36,0
DA:39,2
DA:40,1
DA:41,1
DA:42,1
DA:43,1
DA:46,2
DA:47,10
LF:23
LH:18
end_of_record
SF:lib\data\models\genre_model.dart
DA:5,2
DA:13,2
DA:14,1
DA:15,1
DA:18,0
DA:19,0
DA:20,0
DA:23,1
DA:24,3
DA:27,1
DA:28,3
LF:11
LH:8
end_of_record
SF:lib\domain\entities\movie_detail.dart
DA:6,4
DA:34,1
DA:35,1
DA:36,1
DA:37,1
DA:38,1
DA:39,1
DA:40,1
DA:41,1
DA:42,1
DA:43,1
DA:44,1
DA:45,1
DA:46,1
LF:14
LH:14
end_of_record
SF:lib\data\models\movie_model.dart
DA:5,4
DA:35,4
DA:36,2
DA:37,2
DA:38,8
DA:39,2
DA:40,2
DA:41,2
DA:42,4
DA:43,2
DA:44,2
DA:45,2
DA:46,2
DA:47,4
DA:48,2
DA:51,2
DA:52,1
DA:53,1
DA:54,4
DA:55,1
DA:56,1
DA:57,1
DA:58,1
DA:59,1
DA:60,1
DA:61,1
DA:62,1
DA:63,1
DA:64,1
DA:67,2
DA:68,2
DA:69,2
DA:70,2
DA:71,2
DA:72,2
DA:73,2
DA:74,2
DA:75,2
DA:76,2
DA:77,2
DA:78,2
DA:79,2
DA:80,2
DA:81,2
DA:85,2
DA:86,2
DA:87,2
DA:88,2
DA:89,2
DA:90,2
DA:91,2
DA:92,2
DA:93,2
DA:94,2
DA:95,2
DA:96,2
DA:97,2
DA:98,2
DA:99,2
LF:59
LH:59
end_of_record
SF:lib\domain\entities\movie.dart
DA:5,3
DA:21,1
DA:42,2
DA:43,2
DA:44,2
DA:45,2
DA:46,2
DA:47,2
DA:48,2
DA:49,2
DA:50,2
DA:51,2
DA:52,2
DA:53,2
DA:54,2
DA:55,2
DA:56,2
LF:17
LH:17
end_of_record
SF:lib\data\models\movie_response.dart
DA:7,2
DA:9,4
DA:10,4
DA:11,6
DA:12,6
DA:15,2
DA:16,5
DA:19,1
DA:20,2
LF:9
LH:9
end_of_record
SF:lib\data\repositories\movie_repository_impl.dart
DA:12,1
DA:18,1
DA:20,3
DA:21,5
DA:22,1
DA:23,2
DA:24,1
DA:25,2
DA:30,1
DA:32,3
DA:33,2
DA:34,1
DA:35,2
DA:36,1
DA:37,2
DA:42,1
DA:44,3
DA:45,3
DA:46,1
DA:47,2
DA:48,1
DA:49,2
DA:54,1
DA:56,3
DA:57,5
DA:58,1
DA:59,2
DA:60,1
DA:61,2
DA:66,1
DA:68,3
DA:69,5
DA:70,1
DA:71,2
DA:72,1
DA:73,2
DA:78,1
DA:80,3
DA:81,5
DA:82,1
DA:83,2
DA:84,1
DA:85,2
DA:90,1
DA:92,4
DA:93,1
DA:94,1
DA:95,3
DA:102,1
DA:104,4
DA:105,1
DA:106,1
DA:107,3
DA:112,1
DA:113,3
DA:118,1
DA:119,3
DA:120,5
LF:58
LH:58
end_of_record
SF:lib\domain\usecases\get_movie_detail.dart
DA:8,1
DA:10,1
DA:11,2
LF:3
LH:3
end_of_record
SF:lib\domain\usecases\get_movie_recommendations.dart
DA:9,1
DA:11,1
DA:12,2
LF:3
LH:3
end_of_record
SF:lib\domain\usecases\get_now_playing_movies.dart
DA:9,1
DA:11,1
DA:12,2
LF:3
LH:3
end_of_record
SF:lib\domain\usecases\get_popular_movies.dart
DA:9,1
DA:11,1
DA:12,2
LF:3
LH:3
end_of_record
SF:lib\domain\usecases\get_top_rated_movies.dart
DA:9,1
DA:11,1
DA:12,2
LF:3
LH:3
end_of_record
SF:lib\domain\usecases\get_watchlist_movies.dart
DA:9,1
DA:11,1
DA:12,2
LF:3
LH:3
end_of_record
SF:lib\domain\usecases\get_watchlist_status.dart
DA:6,1
DA:8,1
DA:9,2
LF:3
LH:3
end_of_record
SF:lib\domain\usecases\remove_watchlist.dart
DA:9,1
DA:11,1
DA:12,2
LF:3
LH:3
end_of_record
SF:lib\domain\usecases\save_watchlist.dart
DA:8,1
DA:10,1
DA:11,2
LF:3
LH:3
end_of_record
SF:lib\domain\usecases\search_movies.dart
DA:8,1
DA:10,1
DA:11,2
LF:3
LH:3
end_of_record
SF:lib\presentation\cubit\search_cubit.dart
DA:11,3
DA:13,1
DA:14,2
DA:16,3
DA:18,2
DA:19,3
DA:20,1
DA:21,2
LF:8
LH:8
end_of_record
SF:lib\presentation\cubit\search_state.dart
DA:4,1
DA:6,1
DA:7,1
DA:16,1
DA:18,1
DA:19,2
DA:25,1
DA:27,1
DA:28,2
LF:9
LH:9
end_of_record
SF:lib\presentation\cubit\movies_state.dart
DA:4,1
DA:6,1
DA:7,1
DA:17,1
DA:19,1
DA:20,2
DA:28,1
DA:30,1
DA:31,4
DA:37,1
DA:39,1
DA:40,2
DA:46,1
DA:48,1
DA:49,2
LF:15
LH:15
end_of_record
SF:lib\presentation\cubit\movies_cubit.dart
DA:12,1
DA:16,2
DA:18,1
DA:20,2
DA:25,3
DA:26,1
DA:27,1
DA:30,1
DA:35,3
DA:36,1
DA:37,1
DA:40,1
DA:45,3
DA:46,1
DA:47,1
DA:50,1
DA:55,5
DA:57,3
DA:61,1
DA:63,2
DA:66,3
DA:67,1
DA:68,1
DA:71,1
DA:76,3
DA:78,3
DA:82,1
DA:84,2
DA:87,3
DA:88,1
DA:89,1
DA:92,1
DA:97,3
DA:99,3
LF:34
LH:34
end_of_record
SF:lib\presentation\cubit\movie_detail_state.dart
DA:4,0
DA:6,0
DA:7,0
DA:18,0
DA:20,0
DA:21,0
DA:27,0
DA:29,0
DA:30,0
DA:38,0
DA:44,0
DA:45,0
LF:12
LH:0
end_of_record
SF:lib\presentation\cubit\movie_detail_cubit.dart
DA:23,0
DA:29,0
DA:33,0
DA:35,0
DA:36,0
DA:38,0
DA:39,0
DA:40,0
DA:42,0
DA:43,0
DA:44,0
DA:46,0
DA:47,0
DA:48,0
DA:49,0
DA:51,0
DA:52,0
DA:59,0
DA:60,0
DA:62,0
DA:63,0
DA:64,0
DA:66,0
DA:67,0
DA:72,0
DA:73,0
DA:75,0
DA:76,0
DA:77,0
DA:79,0
DA:80,0
LF:31
LH:0
end_of_record
SF:lib\presentation\cubit\watchlist_movie_state.dart
DA:4,0
DA:6,0
DA:7,0
DA:17,0
DA:19,0
DA:20,0
DA:26,0
DA:28,0
DA:29,0
LF:9
LH:0
end_of_record
SF:lib\presentation\cubit\watchlist_movie_cubit.dart
DA:11,0
DA:13,0
DA:14,0
DA:16,0
DA:18,0
DA:19,0
DA:20,0
DA:21,0
LF:8
LH:0
end_of_record
SF:lib\presentation\pages\about_page.dart
DA:7,0
DA:9,0
DA:10,0
DA:11,0
DA:12,0
DA:13,0
DA:14,0
DA:15,0
DA:17,0
DA:18,0
DA:25,0
DA:26,0
DA:29,0
DA:31,0
DA:38,0
DA:39,0
DA:40,0
DA:41,0
LF:18
LH:0
end_of_record
SF:lib\presentation\pages\home_movie_page.dart
DA:11,0
DA:12,0
DA:19,0
DA:21,0
DA:22,0
DA:25,0
DA:27,0
DA:28,0
DA:29,0
DA:30,0
DA:38,0
DA:39,0
DA:40,0
DA:41,0
DA:42,0
DA:45,0
DA:46,0
DA:47,0
DA:48,0
DA:49,0
DA:52,0
DA:53,0
DA:54,0
DA:56,0
DA:57,0
DA:62,0
DA:63,0
DA:64,0
DA:65,0
DA:66,0
DA:67,0
DA:69,0
DA:73,0
DA:74,0
DA:76,0
DA:77,0
DA:79,0
DA:80,0
DA:81,0
DA:82,0
DA:97,0
DA:98,0
DA:100,0
DA:101,0
DA:117,17
DA:119,0
DA:120,0
DA:125,0
DA:128,0
DA:130,0
DA:132,0
DA:133,0
DA:134,0
DA:135,0
DA:138,0
DA:140,0
DA:141,0
DA:143,0
DA:144,0
DA:146,0
DA:148,0
DA:149,0
DA:150,0
DA:154,0
DA:155,0
DA:161,0
DA:163,0
DA:164,0
DA:166,0
DA:167,0
DA:168,0
DA:172,0
DA:173,0
DA:179,0
DA:181,0
DA:182,0
DA:184,0
DA:185,0
DA:186,0
DA:190,0
DA:191,0
DA:206,0
DA:208,0
DA:210,0
DA:212,0
DA:214,0
DA:215,0
DA:216,0
DA:218,0
DA:219,0
DA:220,0
DA:223,0
DA:226,0
DA:227,0
DA:228,0
DA:229,0
DA:230,0
DA:231,0
DA:233,0
DA:239,0
DA:246,17
DA:248,0
DA:249,0
DA:254,0
DA:256,0
DA:258,0
DA:259,0
DA:260,0
DA:261,0
DA:262,0
DA:265,0
DA:267,0
DA:269,0
DA:270,0
DA:272,0
DA:273,0
DA:275,0
DA:276,0
DA:278,0
DA:279,0
DA:280,0
DA:284,0
DA:285,0
DA:291,0
DA:293,0
DA:294,0
DA:296,0
DA:297,0
DA:298,0
DA:302,0
DA:303,0
DA:309,0
DA:311,0
DA:312,0
DA:314,0
DA:315,0
DA:316,0
DA:320,0
DA:321,0
DA:332,0
DA:339,0
DA:341,0
DA:343,0
DA:345,0
DA:347,0
DA:348,0
DA:349,0
DA:351,0
DA:352,0
DA:353,0
DA:356,0
DA:359,0
DA:360,0
DA:361,0
DA:362,0
DA:363,0
DA:364,0
DA:366,0
DA:372,0
DA:379,0
DA:383,0
DA:388,0
DA:390,0
DA:392,0
DA:393,0
DA:394,0
DA:395,0
DA:397,0
DA:398,0
DA:399,0
DA:401,0
DA:402,0
LF:172
LH:2
end_of_record
SF:lib\presentation\pages\movie_detail_page.dart
DA:14,0
DA:16,0
DA:17,0
DA:21,0
DA:23,0
DA:25,0
DA:26,0
DA:27,0
DA:31,0
DA:33,0
DA:34,0
DA:35,0
DA:36,0
DA:37,0
DA:38,0
DA:40,0
DA:41,0
DA:42,0
DA:43,0
DA:44,0
DA:45,0
DA:48,0
DA:49,0
DA:66,0
DA:72,0
DA:74,0
DA:75,0
DA:76,0
DA:77,0
DA:78,0
DA:80,0
DA:81,0
DA:83,0
DA:85,0
DA:87,0
DA:88,0
DA:89,0
DA:90,0
DA:92,0
DA:99,0
DA:100,0
DA:101,0
DA:103,0
DA:105,0
DA:107,0
DA:108,0
DA:109,0
DA:110,0
DA:112,0
DA:113,0
DA:114,0
DA:115,0
DA:118,0
DA:120,0
DA:123,0
DA:126,0
DA:128,0
DA:129,0
DA:132,0
DA:135,0
DA:136,0
DA:138,0
DA:140,0
DA:141,0
DA:142,0
DA:148,0
DA:150,0
DA:151,0
DA:152,0
DA:153,0
DA:154,0
DA:158,0
DA:159,0
DA:161,0
DA:162,0
DA:164,0
DA:165,0
DA:166,0
DA:167,0
DA:169,0
DA:175,0
DA:178,0
DA:179,0
DA:181,0
DA:183,0
DA:184,0
DA:186,0
DA:187,0
DA:189,0
DA:191,0
DA:192,0
DA:193,0
DA:194,0
DA:195,0
DA:197,0
DA:198,0
DA:199,0
DA:200,0
DA:202,0
DA:204,0
DA:205,0
DA:206,0
DA:208,0
DA:209,0
DA:210,0
DA:213,0
DA:216,0
DA:217,0
DA:218,0
DA:220,0
DA:222,0
DA:223,0
DA:224,0
DA:226,0
DA:229,0
DA:230,0
DA:236,0
DA:240,0
DA:248,0
DA:250,0
DA:265,0
DA:267,0
DA:270,0
DA:271,0
DA:272,0
DA:273,0
DA:282,0
DA:284,0
DA:285,0
DA:288,0
DA:292,0
DA:295,0
DA:296,0
DA:297,0
DA:299,0
DA:300,0
DA:302,0
LF:137
LH:0
end_of_record
SF:lib\presentation\pages\popular_movies_page.dart
DA:8,0
DA:9,0
DA:13,0
DA:15,0
DA:16,0
DA:17,0
DA:20,0
DA:22,0
DA:23,0
DA:26,0
DA:28,0
DA:29,0
DA:30,0
DA:34,0
DA:35,0
DA:36,0
DA:37,0
DA:38,0
DA:40,0
DA:42,0
DA:43,0
DA:45,0
LF:22
LH:0
end_of_record
SF:lib\presentation\pages\search_page.dart
DA:14,0
DA:20,0
DA:34,0
DA:36,0
DA:37,0
DA:45,0
DA:47,0
DA:48,0
DA:51,0
DA:53,0
DA:54,0
DA:55,0
DA:56,0
DA:57,0
DA:59,0
DA:60,0
DA:61,0
DA:62,0
DA:63,0
DA:65,0
DA:66,0
DA:67,0
DA:68,0
DA:72,0
DA:77,0
DA:79,0
DA:81,0
DA:82,0
DA:83,0
DA:84,0
DA:85,0
DA:86,0
DA:87,0
DA:88,0
DA:90,0
DA:95,0
DA:97,0
DA:98,0
DA:102,0
DA:103,0
DA:105,0
DA:107,0
DA:108,0
DA:109,0
DA:110,0
DA:111,0
DA:112,0
DA:113,0
DA:114,0
DA:115,0
DA:117,0
DA:118,0
DA:119,0
DA:121,0
DA:124,0
DA:125,0
DA:127,0
DA:131,0
DA:132,0
DA:133,0
DA:134,0
DA:138,0
DA:139,0
DA:140,0
DA:142,0
DA:143,0
DA:144,0
DA:146,0
DA:150,0
DA:151,0
LF:70
LH:0
end_of_record
SF:lib\presentation\pages\top_rated_movies_page.dart
DA:8,0
DA:9,0
DA:13,0
DA:15,0
DA:16,0
DA:19,0
DA:21,0
DA:22,0
DA:25,0
DA:27,0
DA:28,0
DA:29,0
DA:33,0
DA:34,0
DA:35,0
DA:36,0
DA:37,0
DA:39,0
DA:41,0
DA:42,0
DA:44,0
LF:21
LH:0
end_of_record
SF:lib\presentation\pages\watchlist_movies_page.dart
DA:11,0
DA:12,0
DA:16,0
DA:18,0
DA:19,0
DA:20,0
DA:21,0
DA:22,0
DA:23,0
DA:27,0
DA:29,0
DA:31,0
DA:32,0
DA:35,0
DA:37,0
DA:39,0
DA:48,0
DA:49,0
DA:50,0
DA:51,0
DA:52,0
DA:53,0
DA:57,0
DA:58,0
DA:62,0
DA:63,0
DA:64,0
DA:65,0
DA:67,0
DA:70,0
DA:71,0
DA:73,0
DA:82,0
DA:83,0
DA:84,0
DA:88,0
DA:89,0
DA:93,0
DA:94,0
DA:95,0
DA:96,0
DA:98,0
DA:101,0
DA:102,0
DA:103,0
DA:104,0
LF:46
LH:0
end_of_record
SF:lib\presentation\widgets\movie_card_list.dart
DA:9,0
DA:11,0
DA:13,0
DA:15,0
DA:16,0
DA:17,0
DA:20,0
DA:23,0
DA:25,0
DA:26,0
DA:27,0
DA:34,0
DA:36,0
DA:37,0
DA:38,0
DA:41,0
DA:43,0
DA:44,0
DA:45,0
DA:53,0
DA:58,0
DA:59,0
DA:60,0
DA:62,0
DA:63,0
DA:65,0
DA:67,0
LF:27
LH:0
end_of_record
